c:\lessons\2dshotinghappyo\スケルトンプログラム\debug\project.pch
c:\lessons\2dshotinghappyo\スケルトンプログラム\debug\vc143.pdb
c:\lessons\2dshotinghappyo\スケルトンプログラム\debug\vc143.idb
c:\lessons\2dshotinghappyo\スケルトンプログラム\debug\pch.obj
c:\lessons\2dshotinghappyo\スケルトンプログラム\debug\kdeffectshader.obj
c:\lessons\2dshotinghappyo\スケルトンプログラム\debug\kdtexture.obj
c:\lessons\2dshotinghappyo\スケルトンプログラム\debug\kdmodel.obj
c:\lessons\2dshotinghappyo\スケルトンプログラム\debug\kdbuffer.obj
c:\lessons\2dshotinghappyo\スケルトンプログラム\debug\kdgltfloader.obj
c:\lessons\2dshotinghappyo\スケルトンプログラム\debug\kddirect3dhelper.obj
c:\lessons\2dshotinghappyo\スケルトンプログラム\debug\kddirect3d.obj
c:\lessons\2dshotinghappyo\スケルトンプログラム\debug\kdaudio.obj
c:\lessons\2dshotinghappyo\スケルトンプログラム\debug\main.obj
c:\lessons\2dshotinghappyo\スケルトンプログラム\debug\scene.obj
c:\lessons\2dshotinghappyo\スケルトンプログラム\debug\player.obj
c:\lessons\2dshotinghappyo\スケルトンプログラム\debug\pc.obj
c:\lessons\2dshotinghappyo\スケルトンプログラム\debug\interface.obj
c:\lessons\2dshotinghappyo\スケルトンプログラム\debug\controller.obj
c:\lessons\2dshotinghappyo\スケルトンプログラム\debug\imgui_widgets.obj
c:\lessons\2dshotinghappyo\スケルトンプログラム\debug\imgui_impl_win32.obj
c:\lessons\2dshotinghappyo\スケルトンプログラム\debug\imgui_impl_dx11.obj
c:\lessons\2dshotinghappyo\スケルトンプログラム\debug\imgui_draw.obj
c:\lessons\2dshotinghappyo\スケルトンプログラム\debug\imgui_demo.obj
c:\lessons\2dshotinghappyo\スケルトンプログラム\debug\imgui.obj
c:\lessons\2dshotinghappyo\スケルトンプログラム\debug\kdgamewindow.obj
c:\lessons\2dshotinghappyo\スケルトンプログラム\debug\kdstandardshader.obj
c:\lessons\2dshotinghappyo\スケルトンプログラム\debug\kdspriteshader.obj
c:\lessons\2dshotinghappyo\スケルトンプログラム\debug\kdshadermanager.obj
c:\lessons\2dshotinghappyo\スケルトンプログラム\src\system\shader\effectshader\kdeffectshader_ps.inc
c:\lessons\2dshotinghappyo\スケルトンプログラム\src\system\shader\effectshader\kdeffectshader_vs.inc
c:\lessons\2dshotinghappyo\スケルトンプログラム\src\system\shader\spriteshader\kdspriteshader_ps.inc
c:\lessons\2dshotinghappyo\スケルトンプログラム\src\system\shader\spriteshader\kdspriteshader_vs.inc
c:\lessons\2dshotinghappyo\スケルトンプログラム\src\system\shader\standardshader\kdstandardshader_ps.inc
c:\lessons\2dshotinghappyo\スケルトンプログラム\src\system\shader\standardshader\kdstandardshader_vs.inc
c:\lessons\2dshotinghappyo\スケルトンプログラム\debug\project.res
c:\lessons\2dshotinghappyo\スケルトンプログラム\debug\project.ilk
c:\lessons\2dshotinghappyo\スケルトンプログラム\debug\project.pdb
c:\lessons\2dshotinghappyo\スケルトンプログラム\debug\project.tlog\cl.command.1.tlog
c:\lessons\2dshotinghappyo\スケルトンプログラム\debug\project.tlog\cl.items.tlog
c:\lessons\2dshotinghappyo\スケルトンプログラム\debug\project.tlog\cl.read.1.tlog
c:\lessons\2dshotinghappyo\スケルトンプログラム\debug\project.tlog\cl.write.1.tlog
c:\lessons\2dshotinghappyo\スケルトンプログラム\debug\project.tlog\fxc.command.1.tlog
c:\lessons\2dshotinghappyo\スケルトンプログラム\debug\project.tlog\fxc.read.1.tlog
c:\lessons\2dshotinghappyo\スケルトンプログラム\debug\project.tlog\fxc.write.1.tlog
c:\lessons\2dshotinghappyo\スケルトンプログラム\debug\project.tlog\link-cvtres.read.1.tlog
c:\lessons\2dshotinghappyo\スケルトンプログラム\debug\project.tlog\link-cvtres.write.1.tlog
c:\lessons\2dshotinghappyo\スケルトンプログラム\debug\project.tlog\link-rc.read.1.tlog
c:\lessons\2dshotinghappyo\スケルトンプログラム\debug\project.tlog\link-rc.write.1.tlog
c:\lessons\2dshotinghappyo\スケルトンプログラム\debug\project.tlog\link.34872-cvtres.read.1.tlog
c:\lessons\2dshotinghappyo\スケルトンプログラム\debug\project.tlog\link.34872-cvtres.write.1.tlog
c:\lessons\2dshotinghappyo\スケルトンプログラム\debug\project.tlog\link.34872-rc.read.1.tlog
c:\lessons\2dshotinghappyo\スケルトンプログラム\debug\project.tlog\link.34872-rc.write.1.tlog
c:\lessons\2dshotinghappyo\スケルトンプログラム\debug\project.tlog\link.34872.read.1.tlog
c:\lessons\2dshotinghappyo\スケルトンプログラム\debug\project.tlog\link.34872.write.1.tlog
c:\lessons\2dshotinghappyo\スケルトンプログラム\debug\project.tlog\link.command.1.tlog
c:\lessons\2dshotinghappyo\スケルトンプログラム\debug\project.tlog\link.read.1.tlog
c:\lessons\2dshotinghappyo\スケルトンプログラム\debug\project.tlog\link.secondary.1.tlog
c:\lessons\2dshotinghappyo\スケルトンプログラム\debug\project.tlog\link.write.1.tlog
c:\lessons\2dshotinghappyo\スケルトンプログラム\debug\project.tlog\rc.command.1.tlog
c:\lessons\2dshotinghappyo\スケルトンプログラム\debug\project.tlog\rc.read.1.tlog
c:\lessons\2dshotinghappyo\スケルトンプログラム\debug\project.tlog\rc.write.1.tlog
